Sun Jan 13 18:52:44 2019 China Standard Time
Sun Jan 13 18:53:44 2019 China Standard Time
Sun Jan 13 18:54:14 2019 China Standard Time
Sun Jan 13 19:02:54 2019 China Standard Time: Compile started
Sun Jan 13 19:03:24 2019 China Standard Time: Compile started
Sun Jan 13 19:04:04 2019 China Standard Time: Compile started
Sun Jan 13 19:04:04 2019 China Standard Time: Compile finished.0errors found and 0warnings found.
Sun Jan 13 19:06:47 2019 China Standard Time: Compile started
Sun Jan 13 19:06:47 2019 China Standard Time: Compile finished.0errors found and 0warnings found.
Sun Jan 13 19:08:00 2019 China Standard Time: Compile started
Sun Jan 13 19:08:06 2019 China Standard Time: Compile finished.0errors found and 0warnings found.
Sun Jan 13 19:14:16 2019 China Standard Time: Compile started
Sun Jan 13 19:14:16 2019 China Standard Time: Compile finished.0errors found and 0warnings found.
Sun Jan 13 19:14:53 2019 China Standard Time: Compile started
Sun Jan 13 19:14:56 2019 China Standard Time: Compile finished.0errors found and 0warnings found.
Sun Jan 13 19:19:55 2019 China Standard Time: Compile started
[Error] Line(122) Template_Error, Not_Found,Trying to solve by Ignore
Sun Jan 13 19:19:55 2019 China Standard Time: Compile finished.1errors found and 0warnings found.
Sun Jan 13 19:33:13 2019 China Standard Time: Compile started
[Error] Line(122) Template_Error, Not_Found,Trying to solve by Ignore
Sun Jan 13 19:33:13 2019 China Standard Time: Compile finished.1errors found and 0warnings found.
Sun Jan 13 19:41:29 2019 China Standard Time: Compile started
Sun Jan 13 19:41:29 2019 China Standard Time: Compile finished.0errors found and 0warnings found.
Sun Jan 13 19:41:41 2019 China Standard Time: Compile started
[Warning] Line(12) Template_Error, Declaration, Duplicated,Trying to solve by Ignore
Sun Jan 13 19:41:41 2019 China Standard Time: Compile finished.0errors found and 1warnings found.
Mon Jan 14 09:30:15 2019 China Standard Time: Compile started
Mon Jan 14 09:32:11 2019 China Standard Time: Compile finished.0errors found and 0warnings found.
Mon Jan 14 13:15:36 2019 China Standard Time: Compile started
Mon Jan 14 13:16:00 2019 China Standard Time: Compile started
Mon Jan 14 13:16:00 2019 China Standard Time: Compile finished.0errors found and 0warnings found.
Mon Jan 14 13:20:10 2019 China Standard Time: Compile started
Mon Jan 14 13:20:54 2019 China Standard Time: Compile started
Mon Jan 14 13:22:00 2019 China Standard Time: Compile finished.0errors found and 0warnings found.
Mon Jan 14 13:22:42 2019 China Standard Time: Compile started
Mon Jan 14 13:26:04 2019 China Standard Time: Compile started
Mon Jan 14 13:26:04 2019 China Standard Time: Compile finished.0errors found and 0warnings found.
Mon Jan 14 14:06:35 2019 China Standard Time: Compile started
Mon Jan 14 14:06:35 2019 China Standard Time: Compile finished.0errors found and 0warnings found.
Mon Jan 14 14:13:19 2019 China Standard Time: Compile started
Mon Jan 14 14:15:34 2019 China Standard Time: Compile started
Mon Jan 14 14:15:41 2019 China Standard Time: Compile finished.0errors found and 0warnings found.
Mon Jan 14 14:17:12 2019 China Standard Time: Compile started
Mon Jan 14 14:17:24 2019 China Standard Time: Compile finished.0errors found and 0warnings found.
Mon Jan 14 14:21:01 2019 China Standard Time: Compile started
Mon Jan 14 14:35:53 2019 China Standard Time: Compile started
Mon Jan 14 14:36:45 2019 China Standard Time: Compile started
Mon Jan 14 14:37:25 2019 China Standard Time: Compile started
Mon Jan 14 14:37:44 2019 China Standard Time: Compile finished.0errors found and 0warnings found.
Mon Jan 14 14:39:25 2019 China Standard Time: Compile started
Mon Jan 14 14:39:29 2019 China Standard Time: Compile finished.0errors found and 0warnings found.
Mon Jan 14 14:43:15 2019 China Standard Time: Compile started
Mon Jan 14 14:43:15 2019 China Standard Time: Compile finished.0errors found and 0warnings found.
Mon Jan 14 14:43:30 2019 China Standard Time: Compile started
Mon Jan 14 14:43:30 2019 China Standard Time: Compile finished.0errors found and 0warnings found.
Mon Jan 14 14:44:22 2019 China Standard Time: Compile started
Mon Jan 14 14:44:22 2019 China Standard Time: Compile finished.0errors found and 0warnings found.
Mon Jan 14 14:46:44 2019 China Standard Time: Compile started
Mon Jan 14 14:46:44 2019 China Standard Time: Compile finished.0errors found and 0warnings found.
Mon Jan 14 14:48:50 2019 China Standard Time: Compile started
Mon Jan 14 14:48:50 2019 China Standard Time: Compile finished.0errors found and 0warnings found.
Mon Jan 14 14:56:10 2019 China Standard Time: Compile started
Mon Jan 14 14:56:10 2019 China Standard Time: Compile finished.0errors found and 0warnings found.
Mon Jan 14 15:09:35 2019 China Standard Time: Compile started
Mon Jan 14 15:09:35 2019 China Standard Time: Compile finished.0errors found and 0warnings found.
Mon Jan 14 15:09:47 2019 China Standard Time: Compile started
Mon Jan 14 15:09:47 2019 China Standard Time: Compile finished.0errors found and 0warnings found.
Mon Jan 14 15:10:12 2019 China Standard Time: Compile started
Mon Jan 14 15:10:12 2019 China Standard Time: Compile finished.0errors found and 0warnings found.
Mon Jan 14 15:13:34 2019 China Standard Time: Compile started
Mon Jan 14 15:13:38 2019 China Standard Time: Compile finished.0errors found and 0warnings found.
Mon Jan 14 15:14:58 2019 China Standard Time: Compile started
Mon Jan 14 15:14:58 2019 China Standard Time: Compile finished.0errors found and 0warnings found.
Mon Jan 14 15:25:35 2019 China Standard Time: Compile started
Mon Jan 14 15:25:35 2019 China Standard Time: Compile finished.0errors found and 0warnings found.
Mon Jan 14 15:26:26 2019 China Standard Time: Compile started
Mon Jan 14 15:26:27 2019 China Standard Time: Compile finished.0errors found and 0warnings found.
Tue Jan 15 00:04:16 2019 China Standard Time: Compile started
Tue Jan 15 00:04:16 2019 China Standard Time: Compile finished.0errors found and 0warnings found.
Tue Jan 15 00:05:58 2019 China Standard Time: Compile started
Tue Jan 15 00:09:16 2019 China Standard Time: Compile started
Tue Jan 15 00:13:39 2019 China Standard Time: Compile started
Tue Jan 15 00:13:39 2019 China Standard Time: Compile finished.0errors found and 0warnings found.
Tue Jan 15 00:20:54 2019 China Standard Time: Compile started
Tue Jan 15 00:20:55 2019 China Standard Time: Compile finished.0errors found and 0warnings found.
Tue Jan 15 00:22:53 2019 China Standard Time: Compile started
Tue Jan 15 00:22:53 2019 China Standard Time: Compile finished.0errors found and 0warnings found.
Tue Jan 15 10:40:25 2019 China Standard Time: Compile started
Tue Jan 15 10:49:03 2019 China Standard Time: Compile started
Tue Jan 15 10:49:03 2019 China Standard Time: Compile finished.0errors found and 0warnings found.
Tue Jan 15 14:44:20 2019 China Standard Time: Compile started
[Error] Line(187) Argument_Error,Expected 2 arguments of activator Too_Few_Arguments,Expected 2 arguments of activator
Tue Jan 15 14:44:20 2019 China Standard Time: Compile finished.1errors found and 0warnings found.
Tue Jan 15 14:44:39 2019 China Standard Time: Compile started
[Error] Line(187) Argument_Error,Expected 2 arguments of activator Too_Few_Arguments,Expected 2 arguments of activator
Tue Jan 15 14:44:40 2019 China Standard Time: Compile finished.1errors found and 0warnings found.
Tue Jan 15 14:45:21 2019 China Standard Time: Compile started
[Error] Line(187) Argument_Error,Expected 2 arguments of activator Too_Few_Arguments,Expected 2 arguments of activator
[Error] Line(190) Argument_Error,Expected 2 arguments for $active Too_Few_Arguments,Expected 2 arguments for $active
Tue Jan 15 14:45:21 2019 China Standard Time: Compile finished.2errors found and 0warnings found.
Tue Jan 15 14:45:38 2019 China Standard Time: Compile started
[Error] Line(187) Argument_Error,Expected 2 arguments of activator Too_Few_Arguments,Expected 2 arguments of activator
[Error] Line(190) Argument_Error,Expected 2 arguments for $active Too_Few_Arguments,Expected 2 arguments for $active
Tue Jan 15 14:45:38 2019 China Standard Time: Compile finished.2errors found and 0warnings found.
Tue Jan 15 14:50:38 2019 China Standard Time: Compile started
[Error] Line(187) Argument_Error,Expected 2 arguments of activator Too_Few_Arguments,Expected 2 arguments of activator
[Error] Line(190) Argument_Error,Expected 2 arguments for $active Too_Few_Arguments,Expected 2 arguments for $active
Tue Jan 15 14:50:38 2019 China Standard Time: Compile finished.2errors found and 0warnings found.
Tue Jan 15 14:52:26 2019 China Standard Time: Compile started
[Error] Line(187) Argument_Error,Expected 2 arguments of activator Too_Few_Arguments,Expected 2 arguments of activator
[Error] Line(190) Argument_Error,Expected 2 arguments for $active Too_Few_Arguments,Expected 2 arguments for $active
Tue Jan 15 14:52:26 2019 China Standard Time: Compile finished.2errors found and 0warnings found.
Tue Jan 15 15:04:47 2019 China Standard Time: Compile started
Tue Jan 15 15:04:47 2019 China Standard Time: Compile finished.0errors found and 0warnings found.
Tue Jan 15 15:06:03 2019 China Standard Time: Compile started
Tue Jan 15 15:06:03 2019 China Standard Time: Compile finished.0errors found and 0warnings found.
Tue Jan 15 15:07:49 2019 China Standard Time: Compile started
Tue Jan 15 15:07:49 2019 China Standard Time: Compile finished.0errors found and 0warnings found.
Tue Jan 15 15:09:54 2019 China Standard Time: Compile started
Tue Jan 15 15:09:54 2019 China Standard Time: Compile finished.0errors found and 0warnings found.
Tue Jan 15 15:14:24 2019 China Standard Time: Compile started
Tue Jan 15 15:14:53 2019 China Standard Time: Compile finished.0errors found and 0warnings found.
Tue Jan 15 15:28:22 2019 China Standard Time: Compile started
Tue Jan 15 15:28:22 2019 China Standard Time: Compile finished.0errors found and 0warnings found.
Tue Jan 15 15:29:01 2019 China Standard Time: Compile started
Tue Jan 15 15:29:01 2019 China Standard Time: Compile finished.0errors found and 0warnings found.
Tue Jan 15 15:30:39 2019 China Standard Time: Compile started
Tue Jan 15 15:30:39 2019 China Standard Time: Compile finished.0errors found and 0warnings found.
Tue Jan 15 15:35:06 2019 China Standard Time: Compile started
Tue Jan 15 15:35:06 2019 China Standard Time: Compile finished.0errors found and 0warnings found.
Tue Jan 15 15:39:46 2019 China Standard Time: Compile started
Tue Jan 15 15:41:26 2019 China Standard Time: Compile started
Tue Jan 15 15:46:18 2019 China Standard Time: Compile started
Tue Jan 15 15:46:22 2019 China Standard Time: Compile finished.0errors found and 0warnings found.
Tue Jan 15 15:48:23 2019 China Standard Time: Compile started
Tue Jan 15 15:50:34 2019 China Standard Time: Compile started
Tue Jan 15 15:52:08 2019 China Standard Time: Compile started
Tue Jan 15 15:53:01 2019 China Standard Time: Compile started
Tue Jan 15 15:53:25 2019 China Standard Time: Compile finished.0errors found and 0warnings found.
Tue Jan 15 15:55:04 2019 China Standard Time: Compile started
Tue Jan 15 15:55:04 2019 China Standard Time: Compile finished.0errors found and 0warnings found.
Tue Jan 15 15:55:39 2019 China Standard Time: Compile started
Tue Jan 15 15:55:39 2019 China Standard Time: Compile finished.0errors found and 0warnings found.
Tue Jan 15 15:57:54 2019 China Standard Time: Compile started
Tue Jan 15 15:57:54 2019 China Standard Time: Compile finished.0errors found and 0warnings found.
Tue Jan 15 16:03:04 2019 China Standard Time: Compile started
Tue Jan 15 16:03:10 2019 China Standard Time: Compile finished.0errors found and 0warnings found.
Tue Jan 15 16:04:54 2019 China Standard Time: Compile started
Tue Jan 15 16:04:54 2019 China Standard Time: Compile finished.0errors found and 0warnings found.
Tue Jan 15 16:08:41 2019 China Standard Time: Compile started
Tue Jan 15 16:08:44 2019 China Standard Time: Compile finished.0errors found and 0warnings found.
Tue Jan 15 16:09:45 2019 China Standard Time: Compile started
Tue Jan 15 16:09:45 2019 China Standard Time: Compile finished.0errors found and 0warnings found.
Tue Jan 15 16:10:59 2019 China Standard Time: Compile started
Tue Jan 15 16:10:59 2019 China Standard Time: Compile finished.0errors found and 0warnings found.
Tue Jan 15 16:17:05 2019 China Standard Time: Compile started
Tue Jan 15 16:17:05 2019 China Standard Time: Compile finished.0errors found and 0warnings found.
Tue Jan 15 16:17:50 2019 China Standard Time: Compile started
Tue Jan 15 16:17:50 2019 China Standard Time: Compile finished.0errors found and 0warnings found.
Tue Jan 15 16:19:07 2019 China Standard Time: Compile started
Tue Jan 15 16:19:07 2019 China Standard Time: Compile finished.0errors found and 0warnings found.
Tue Jan 15 16:22:54 2019 China Standard Time: Compile started
Tue Jan 15 16:22:54 2019 China Standard Time: Compile finished.0errors found and 0warnings found.
Tue Jan 15 16:27:20 2019 China Standard Time: Compile started
Tue Jan 15 16:27:20 2019 China Standard Time: Compile finished.0errors found and 0warnings found.
Tue Jan 15 16:34:08 2019 China Standard Time: Compile started
Tue Jan 15 16:34:08 2019 China Standard Time: Compile finished.0errors found and 0warnings found.
Tue Jan 15 16:34:46 2019 China Standard Time: Compile started
Tue Jan 15 16:34:46 2019 China Standard Time: Compile finished.0errors found and 0warnings found.
Tue Jan 15 16:35:44 2019 China Standard Time: Compile started
Tue Jan 15 16:35:44 2019 China Standard Time: Compile finished.0errors found and 0warnings found.
Tue Jan 15 16:37:31 2019 China Standard Time: Compile started
Tue Jan 15 16:37:31 2019 China Standard Time: Compile finished.0errors found and 0warnings found.
Tue Jan 15 16:38:11 2019 China Standard Time: Compile started
Tue Jan 15 16:38:11 2019 China Standard Time: Compile finished.0errors found and 0warnings found.
Tue Jan 15 16:38:42 2019 China Standard Time: Compile started
Tue Jan 15 16:38:42 2019 China Standard Time: Compile finished.0errors found and 0warnings found.
Tue Jan 15 16:39:49 2019 China Standard Time: Compile started
Tue Jan 15 16:39:49 2019 China Standard Time: Compile finished.0errors found and 0warnings found.
Tue Jan 15 16:41:38 2019 China Standard Time: Compile started
Tue Jan 15 16:41:38 2019 China Standard Time: Compile finished.0errors found and 0warnings found.
Tue Jan 15 16:45:51 2019 China Standard Time: Compile started
Tue Jan 15 16:46:25 2019 China Standard Time: Compile started
Tue Jan 15 16:46:55 2019 China Standard Time: Compile started
Tue Jan 15 16:46:55 2019 China Standard Time: Compile finished.0errors found and 0warnings found.
Tue Jan 15 16:51:58 2019 China Standard Time: Compile started
Tue Jan 15 16:59:40 2019 China Standard Time: Compile started
Tue Jan 15 16:59:40 2019 China Standard Time: Compile finished.0errors found and 0warnings found.
Tue Jan 15 17:00:09 2019 China Standard Time: Compile started
Tue Jan 15 17:00:09 2019 China Standard Time: Compile finished.0errors found and 0warnings found.
Tue Jan 15 17:02:59 2019 China Standard Time: Compile started
Tue Jan 15 17:03:01 2019 China Standard Time: Compile finished.0errors found and 0warnings found.
Tue Jan 15 17:27:22 2019 China Standard Time: Compile started
Tue Jan 15 17:27:22 2019 China Standard Time: Compile finished.0errors found and 0warnings found.
Tue Jan 15 19:17:11 2019 China Standard Time: Compile started
Tue Jan 15 19:17:11 2019 China Standard Time: Compile finished.0errors found and 0warnings found.
Tue Jan 15 19:17:45 2019 China Standard Time: Compile started
Tue Jan 15 19:18:30 2019 China Standard Time: Compile started
Tue Jan 15 19:21:37 2019 China Standard Time: Compile started
Tue Jan 15 19:56:19 2019 China Standard Time: Compile started
Tue Jan 15 19:56:19 2019 China Standard Time: Compile finished.0errors found and 0warnings found.
Tue Jan 15 19:57:06 2019 China Standard Time: Compile started
Tue Jan 15 19:58:25 2019 China Standard Time: Compile started
Tue Jan 15 19:59:17 2019 China Standard Time: Compile started
[Error] Line(109) Argument_Error,Expected 2 arguments of activator Too_Few_Arguments,Expected 2 arguments of activator
Tue Jan 15 20:03:58 2019 China Standard Time: Compile started
[Error] Line(110) Argument_Error,Expected 2 arguments of activator Too_Few_Arguments,Expected 2 arguments of activator
Tue Jan 15 20:07:44 2019 China Standard Time: Compile started
[Error] Line(110) Argument_Error,Expected 2 arguments of activator Too_Few_Arguments,Expected 2 arguments of activator
Tue Jan 15 20:20:17 2019 China Standard Time: Compile started
[Error] Line(110) Argument_Error,Expected 2 arguments of activator Too_Few_Arguments,Expected 2 arguments of activator
Tue Jan 15 20:23:27 2019 China Standard Time: Compile started
[Error] Line(110) Argument_Error,Expected 2 arguments of activator Too_Few_Arguments,Expected 2 arguments of activator
Tue Jan 15 20:23:27 2019 China Standard Time: Compile finished.1errors found and 0warnings found.
Tue Jan 15 20:24:05 2019 China Standard Time: Compile started
[Error] Line(110) Argument_Error,Expected 2 arguments of activator Too_Few_Arguments,Expected 2 arguments of activator
Tue Jan 15 20:24:05 2019 China Standard Time: Compile finished.1errors found and 0warnings found.
Tue Jan 15 20:25:20 2019 China Standard Time: Compile started
[Error] Line(110) Argument_Error,Expected 2 arguments of activator Too_Few_Arguments,Expected 2 arguments of activator
Tue Jan 15 20:25:20 2019 China Standard Time: Compile finished.1errors found and 0warnings found.
Tue Jan 15 20:27:18 2019 China Standard Time: Compile started
[Error] Line(110) Argument_Error,Expected 2 arguments of activator Too_Few_Arguments,Expected 2 arguments of activator
Tue Jan 15 20:27:18 2019 China Standard Time: Compile finished.1errors found and 0warnings found.
Tue Jan 15 20:28:16 2019 China Standard Time: Compile started
[Error] Line(110) Argument_Error,Expected 2 arguments of activator Too_Few_Arguments,Expected 2 arguments of activator
Tue Jan 15 20:28:16 2019 China Standard Time: Compile finished.1errors found and 0warnings found.
Tue Jan 15 20:31:40 2019 China Standard Time: Compile started
Tue Jan 15 20:31:43 2019 China Standard Time: Compile finished.0errors found and 0warnings found.
Tue Jan 15 20:32:56 2019 China Standard Time: Compile started
[Error] Line(110) Argument_Error,Expected 2 arguments of activator Too_Few_Arguments,Expected 2 arguments of activator
Tue Jan 15 20:32:56 2019 China Standard Time: Compile finished.1errors found and 0warnings found.
Tue Jan 15 20:33:18 2019 China Standard Time: Compile started
[Error] Line(110) Argument_Error,Expected 2 arguments of activator Too_Few_Arguments,Expected 2 arguments of activator
Tue Jan 15 20:33:18 2019 China Standard Time: Compile finished.1errors found and 0warnings found.
Tue Jan 15 20:36:07 2019 China Standard Time: Compile started
[Error] Line(110) Argument_Error,Expected 2 arguments of activator Too_Few_Arguments,Expected 2 arguments of activator
Tue Jan 15 20:36:07 2019 China Standard Time: Compile finished.1errors found and 0warnings found.
Tue Jan 15 20:37:41 2019 China Standard Time: Compile started
[Error] Line(110) Argument_Error,Expected 2 arguments of activator Too_Few_Arguments,Expected 2 arguments of activator
Tue Jan 15 20:37:44 2019 China Standard Time: Compile finished.1errors found and 0warnings found.
Tue Jan 15 20:39:33 2019 China Standard Time: Compile started
[Error] Line(110) Argument_Error,Expected 2 arguments of activator Too_Few_Arguments,Expected 2 arguments of activator
Tue Jan 15 20:39:33 2019 China Standard Time: Compile finished.1errors found and 0warnings found.
Tue Jan 15 20:40:32 2019 China Standard Time: Compile started
[Error] Line(110) Argument_Error,Expected 2 arguments of activator Too_Few_Arguments,Expected 2 arguments of activator
Tue Jan 15 20:40:32 2019 China Standard Time: Compile finished.1errors found and 0warnings found.
Tue Jan 15 20:41:35 2019 China Standard Time: Compile started
[Error] Line(110) Argument_Error,Expected 2 arguments of activator Too_Few_Arguments,Expected 2 arguments of activator
Tue Jan 15 20:41:35 2019 China Standard Time: Compile finished.1errors found and 0warnings found.
Tue Jan 15 20:41:47 2019 China Standard Time: Compile started
[Error] Line(110) Argument_Error,Expected 2 arguments of activator Too_Few_Arguments,Expected 2 arguments of activator
Tue Jan 15 20:41:47 2019 China Standard Time: Compile finished.1errors found and 0warnings found.
Tue Jan 15 20:44:26 2019 China Standard Time: Compile started
[Error] Line(110) Argument_Error,Expected 2 arguments of activator Too_Few_Arguments,Expected 2 arguments of activator
Tue Jan 15 20:44:26 2019 China Standard Time: Compile finished.1errors found and 0warnings found.
Tue Jan 15 20:45:40 2019 China Standard Time: Compile started
[Error] Line(110) Argument_Error,Expected 2 arguments of activator Too_Few_Arguments,Expected 2 arguments of activator
Tue Jan 15 20:45:40 2019 China Standard Time: Compile finished.1errors found and 0warnings found.
Tue Jan 15 20:46:08 2019 China Standard Time: Compile started
[Error] Line(110) Argument_Error,Expected 2 arguments of activator Too_Few_Arguments,Expected 2 arguments of activator
Tue Jan 15 20:46:08 2019 China Standard Time: Compile finished.1errors found and 0warnings found.
Tue Jan 15 20:49:38 2019 China Standard Time: Compile started
[Error] Line(110) Argument_Error,Expected 2 arguments of activator Too_Few_Arguments,Expected 2 arguments of activator
Tue Jan 15 20:49:38 2019 China Standard Time: Compile finished.1errors found and 0warnings found.
Tue Jan 15 20:50:40 2019 China Standard Time: Compile started
[Error] Line(111) Argument_Error,Expected 2 arguments of activator Too_Few_Arguments,Expected 2 arguments of activator
Tue Jan 15 20:50:40 2019 China Standard Time: Compile finished.1errors found and 0warnings found.
Tue Jan 15 20:51:05 2019 China Standard Time: Compile started
[Error] Line(111) Argument_Error,Expected 2 arguments of activator Too_Few_Arguments,Expected 2 arguments of activator
Tue Jan 15 20:51:05 2019 China Standard Time: Compile finished.1errors found and 0warnings found.
Tue Jan 15 20:51:33 2019 China Standard Time: Compile started
[Error] Line(111) Argument_Error,Expected 2 arguments of activator Too_Few_Arguments,Expected 2 arguments of activator
Tue Jan 15 20:51:33 2019 China Standard Time: Compile finished.1errors found and 0warnings found.
Tue Jan 15 20:53:14 2019 China Standard Time: Compile started
[Error] Line(110) Argument_Error,Expected 2 arguments of activator Too_Few_Arguments,Expected 2 arguments of activator
Tue Jan 15 20:53:14 2019 China Standard Time: Compile finished.1errors found and 0warnings found.
Tue Jan 15 21:00:20 2019 China Standard Time: Compile started
[Error] Line(111) Argument_Error,Expected 2 arguments of activator Too_Few_Arguments,Expected 2 arguments of activator
Tue Jan 15 21:00:20 2019 China Standard Time: Compile finished.1errors found and 0warnings found.
Tue Jan 15 21:02:52 2019 China Standard Time: Compile started
[Error] Line(111) Argument_Error,Expected 2 arguments of activator Too_Few_Arguments,Expected 2 arguments of activator
Tue Jan 15 21:02:52 2019 China Standard Time: Compile finished.1errors found and 0warnings found.
Tue Jan 15 21:06:06 2019 China Standard Time: Compile started
[Error] Line(111) Argument_Error,Expected 2 arguments of activator Too_Few_Arguments,Expected 2 arguments of activator
Tue Jan 15 21:06:06 2019 China Standard Time: Compile finished.1errors found and 0warnings found.
Tue Jan 15 21:06:46 2019 China Standard Time: Compile started
[Error] Line(111) Argument_Error,Expected 2 arguments of activator Too_Few_Arguments,Expected 2 arguments of activator
Tue Jan 15 21:06:46 2019 China Standard Time: Compile finished.1errors found and 0warnings found.
Tue Jan 15 21:37:32 2019 China Standard Time: Compile started
Tue Jan 15 21:37:32 2019 China Standard Time: Compile finished.0errors found and 0warnings found.
Tue Jan 15 21:39:24 2019 China Standard Time: Compile started
Tue Jan 15 21:39:24 2019 China Standard Time: Compile finished.0errors found and 0warnings found.
Tue Jan 15 21:46:49 2019 China Standard Time: Compile started
[Error] Line(111) Argument_Error,Expected 2 arguments of activator Too_Few_Arguments,Expected 2 arguments of activator
Tue Jan 15 21:46:49 2019 China Standard Time: Compile finished.1errors found and 0warnings found.
Tue Jan 15 22:22:32 2019 China Standard Time: Compile started
Tue Jan 15 22:22:32 2019 China Standard Time: Compile finished.0errors found and 0warnings found.
Tue Jan 15 22:28:02 2019 China Standard Time: Compile started
Tue Jan 15 22:28:02 2019 China Standard Time: Compile finished.0errors found and 0warnings found.
Tue Jan 15 22:30:16 2019 China Standard Time: Compile started
Tue Jan 15 22:30:16 2019 China Standard Time: Compile finished.0errors found and 0warnings found.
Tue Jan 15 22:33:58 2019 China Standard Time: Compile started
Tue Jan 15 22:33:58 2019 China Standard Time: Compile finished.0errors found and 0warnings found.
Tue Jan 15 22:40:29 2019 China Standard Time: Compile started
Tue Jan 15 22:42:23 2019 China Standard Time: Compile finished.0errors found and 0warnings found.
Tue Jan 15 22:44:22 2019 China Standard Time: Compile started
Tue Jan 15 22:44:25 2019 China Standard Time: Compile finished.0errors found and 0warnings found.
Tue Jan 15 22:49:53 2019 China Standard Time: Compile started
Tue Jan 15 22:49:53 2019 China Standard Time: Compile finished.0errors found and 0warnings found.
Tue Jan 15 22:55:37 2019 China Standard Time: Compile started
Tue Jan 15 22:55:37 2019 China Standard Time: Compile finished.0errors found and 0warnings found.
Tue Jan 15 22:57:01 2019 China Standard Time: Compile started
Tue Jan 15 22:57:01 2019 China Standard Time: Compile finished.0errors found and 0warnings found.
Tue Jan 15 23:17:11 2019 China Standard Time: Compile started
Tue Jan 15 23:17:11 2019 China Standard Time: Compile finished.0errors found and 0warnings found.
Tue Jan 15 23:20:52 2019 China Standard Time: Compile started
Tue Jan 15 23:20:52 2019 China Standard Time: Compile finished.0errors found and 0warnings found.
Sun Jan 20 21:35:47 2019 China Standard Time: Compile started
Sun Jan 20 21:35:47 2019 China Standard Time: Compile finished.0errors found and 0warnings found.
